[2022-09-02 18:18:34]000833157(UR30).pdf, ("local variable 'hash_page1' referenced before assignment",)
[2022-09-02 18:33:46]000873953(F30)email.pdf, ('exceptions must derive from BaseException',)
[2022-09-02 18:35:26]000878655 (30) email.pdf, ('exceptions must derive from BaseException',)
[2022-09-02 18:40:26]000879984(F30)email.pdf, ('exceptions must derive from BaseException',)
[2022-09-02 18:40:29]000880018 (F30)email.pdf, ('exceptions must derive from BaseException',)
[2022-09-02 18:50:11]000881976 (F30) email.pdf, ('exceptions must derive from BaseException',)
[2022-09-02 18:50:14]000882860 (F30) email.pdf, ('exceptions must derive from BaseException',)
[2022-09-02 18:55:11]000887729 (F30) email.pdf, ('exceptions must derive from BaseException',)
[2022-09-02 18:57:04]000888933 (F30) email.pdf, ('exceptions must derive from BaseException',)
[2022-09-02 18:58:52]000889732 (F30) email.pdf, ('exceptions must derive from BaseException',)
[2022-09-02 19:00:29]000890382 (U30) email.pdf, ('exceptions must derive from BaseException',)
[2022-09-02 19:05:33]000892427.pdf, ("local variable 'hash_page2' referenced before assignment",)
[2022-09-02 19:07:15]000893528 (F30) email.pdf, ('exceptions must derive from BaseException',)
[2022-09-02 19:08:55]000894438 (F30) email.pdf, ('exceptions must derive from BaseException',)
[2022-09-02 19:08:58]000894827 (F30) email.pdf, ('exceptions must derive from BaseException',)
[2022-09-02 19:10:45]000895425 (F30) email.pdf, ('exceptions must derive from BaseException',)
[2022-09-02 19:10:48]000895440 (F30) email.pdf, ('exceptions must derive from BaseException',)
[2022-09-02 19:14:08]000896347 (F30).pdf, ("local variable 'hash_page2' referenced before assignment",)
[2022-09-02 19:17:48]000897732.pdf, ("local variable 'hash_page2' referenced before assignment",)
[2022-09-02 19:19:46]000898115(UR30).pdf, ("local variable 'hash_page1' referenced before assignment",)
[2022-09-02 19:30:18]000902086.pdf, ('exceptions must derive from BaseException',)
[2022-09-02 19:33:32]000902711 (F30) email.pdf, ('exceptions must derive from BaseException',)
[2022-09-02 19:33:35]000902713 (F30) email.pdf, ('exceptions must derive from BaseException',)
[2022-09-02 19:33:38]000903416 (F30) email.pdf, ('exceptions must derive from BaseException',)
[2022-09-02 19:35:16]000903802 703380504 - MDR.pdf, ('exceptions must derive from BaseException',)
[2022-09-02 19:42:40]000906767 (F30).pdf, ("local variable 'hash_page2' referenced before assignment",)
[2022-09-02 19:42:43]000906972(F30)email.pdf, ('exceptions must derive from BaseException',)
[2022-09-02 19:42:46]000906985 (F30) email.pdf, ('exceptions must derive from BaseException',)
[2022-09-02 19:42:49]000907258(F30)email.pdf, ('exceptions must derive from BaseException',)
[2022-09-02 19:42:52]000907933 (F30) email.pdf, ('exceptions must derive from BaseException',)
[2022-09-02 19:46:31]000909856(F30)email.pdf, ('exceptions must derive from BaseException',)
[2022-09-02 19:48:17]000910189 (U30).pdf, ('exceptions must derive from BaseException',)
[2022-09-02 19:48:20]000910230 (F30) email.pdf, ('exceptions must derive from BaseException',)
[2022-09-02 19:48:23]000910231 (F30) email.pdf, ('exceptions must derive from BaseException',)
[2022-09-02 19:52:10]000913149 GCR12279505(F30).pdf, ('exceptions must derive from BaseException',)
[2022-09-02 20:00:25]000914514.pdf, ("local variable 'hash_page2' referenced before assignment",)
[2022-09-02 20:00:45]000915405 (F30).pdf, ('exceptions must derive from BaseException',)
[2022-09-02 20:01:01]000916441 (F30).pdf, ('exceptions must derive from BaseException',)
[2022-09-02 20:04:13]000918418(F30).pdf, ('exceptions must derive from BaseException',)
[2022-09-02 20:04:30]000918427 (F30).pdf, ('exceptions must derive from BaseException',)
[2022-09-02 20:06:05]000918715 368385 (C.C) Follow-up MDPR COPY.pdf, ("local variable 'hash_page2' referenced before assignment",)
[2022-09-02 20:10:25]000920986  GCR13310284(F30).pdf, ('exceptions must derive from BaseException',)
[2022-09-02 20:10:28]000921272(F30)email.pdf, ('exceptions must derive from BaseException',)
[2022-09-02 20:10:31]000921438 (F30) email.pdf, ('exceptions must derive from BaseException',)
[2022-09-02 20:10:32]000921534(F30)email.pdf, ('exceptions must derive from BaseException',)
[2022-09-02 20:13:59]000921643(F30)email.pdf, ('exceptions must derive from BaseException',)
[2022-09-02 20:30:23]000923435.pdf, ("local variable 'hash_page2' referenced before assignment",)
[2022-09-02 20:31:56]000923533 (F30) email.pdf, ('exceptions must derive from BaseException',)
[2022-09-02 20:48:40]000924930(UR30)email.pdf, ('exceptions must derive from BaseException',)
[2022-09-02 20:58:20]000925092 CN-043287 Final Canada Vigilance Report baf.pdf, ("local variable 'hash_page2' referenced before assignment",)
[2022-09-02 20:59:45]000925096  CN-043293 (F30).pdf, ("local variable 'hash_page2' referenced before assignment",)
[2022-09-02 21:03:34]000925162  CA-CN-043287 Final Canada Report.pdf, ("local variable 'hash_page2' referenced before assignment",)
[2022-09-02 21:05:00]000925176 (F30).pdf, ("local variable 'hash_page2' referenced before assignment",)
[2022-09-02 21:08:51]000925241 CA-CN-043305 Final Canada Report.pdf, ("local variable 'hash_page2' referenced before assignment",)
[2022-09-02 21:20:23]000926395 743220 (F30) C+A.pdf, ("local variable 'hash_page1' referenced before assignment",)
[2022-09-02 21:20:27]000926395 (U30).pdf, ('exceptions must derive from BaseException',)
[2022-09-02 21:20:29]000927758(F30)email.pdf, ('exceptions must derive from BaseException',)
[2022-09-02 21:23:53]000928639 (F30).pdf, ("local variable 'hash_page2' referenced before assignment",)
[2022-09-03 02:36:23]000931707 (F30).pdf, ("local variable 'hash_page2' referenced before assignment",)
[2022-09-03 02:36:37]000931735.pdf, ("local variable 'hash_page2' referenced before assignment",)
