[2022-09-06 17:57:54]000833157(UR30).pdf, (<class 'UnboundLocalError'>, UnboundLocalError("local variable 'hash_page1' referenced before assignment"), <traceback object at 0x7f86f81c1b80>)
[2022-09-06 18:20:22]000873953(F30)email.pdf, (<class 'TypeError'>, TypeError('exceptions must derive from BaseException'), <traceback object at 0x7f5ec50a9440>)
[2022-09-06 18:20:28]000879984(F30)email.pdf, (<class 'TypeError'>, TypeError('exceptions must derive from BaseException'), <traceback object at 0x7f5ec5094c40>)
[2022-09-06 18:20:31]000880018 (F30)email.pdf, (<class 'TypeError'>, TypeError('exceptions must derive from BaseException'), <traceback object at 0x7f5ec5094fc0>)
[2022-09-06 18:20:35]000881976 (F30) email.pdf, (<class 'TypeError'>, TypeError('exceptions must derive from BaseException'), <traceback object at 0x7f5ec5094800>)
[2022-09-06 18:20:38]000882860 (F30) email.pdf, (<class 'TypeError'>, TypeError('exceptions must derive from BaseException'), <traceback object at 0x7f5ec5094740>)
[2022-09-06 18:20:41]000887729 (F30) email.pdf, (<class 'TypeError'>, TypeError('exceptions must derive from BaseException'), <traceback object at 0x7f5ec5094500>)
[2022-09-06 18:20:44]000888933 (F30) email.pdf, (<class 'TypeError'>, TypeError('exceptions must derive from BaseException'), <traceback object at 0x7f5ec5094240>)
[2022-09-06 18:20:47]000889732 (F30) email.pdf, (<class 'TypeError'>, TypeError('exceptions must derive from BaseException'), <traceback object at 0x7f5ec508f980>)
[2022-09-06 18:20:50]000890382 (U30) email.pdf, (<class 'TypeError'>, TypeError('exceptions must derive from BaseException'), <traceback object at 0x7f5ec508f800>)
[2022-09-06 18:21:38]000895440 (F30) email.pdf, (<class 'TypeError'>, TypeError('exceptions must derive from BaseException'), <traceback object at 0x7f5ec5094d00>)
[2022-09-06 18:22:20]000873953(F30)email.pdf, (<class 'TypeError'>, TypeError('exceptions must derive from BaseException'), <traceback object at 0x7f85c357c300>)
[2022-09-06 18:22:23]000878655 (30) email.pdf, (<class 'TypeError'>, TypeError('exceptions must derive from BaseException'), <traceback object at 0x7f85c3568c40>)
[2022-09-06 18:22:26]000879984(F30)email.pdf, (<class 'TypeError'>, TypeError('exceptions must derive from BaseException'), <traceback object at 0x7f85c3568880>)
[2022-09-06 18:25:42]000873953(F30)email.pdf, (<class 'TypeError'>, TypeError('exceptions must derive from BaseException'), <traceback object at 0x7f9593275340>)
[2022-09-06 18:28:24]000893528 (F30) email.pdf, (<class 'TypeError'>, TypeError('exceptions must derive from BaseException'), <traceback object at 0x7f3051e1f4c0>)
[2022-09-06 18:28:27]000894438 (F30) email.pdf, (<class 'TypeError'>, TypeError('exceptions must derive from BaseException'), <traceback object at 0x7f3051e0cd80>)
[2022-09-06 18:28:31]000894827 (F30) email.pdf, (<class 'TypeError'>, TypeError('exceptions must derive from BaseException'), <traceback object at 0x7f3051e0ca00>)
[2022-09-06 18:28:34]000895425 (F30) email.pdf, (<class 'TypeError'>, TypeError('exceptions must derive from BaseException'), <traceback object at 0x7f3051e0c780>)
[2022-09-06 18:29:19]000896347 (F30).pdf, (<class 'UnboundLocalError'>, UnboundLocalError("local variable 'hash_page2' referenced before assignment"), <traceback object at 0x7f3051e03f00>)
[2022-09-06 18:29:55]000897732.pdf, (<class 'UnboundLocalError'>, UnboundLocalError("local variable 'hash_page2' referenced before assignment"), <traceback object at 0x7f3051e12480>)
[2022-09-06 18:30:44]000898115(UR30).pdf, (<class 'UnboundLocalError'>, UnboundLocalError("local variable 'hash_page1' referenced before assignment"), <traceback object at 0x7f3051c24740>)
[2022-09-06 18:30:59]000902086.pdf, (<class 'TypeError'>, TypeError('exceptions must derive from BaseException'), <traceback object at 0x7f3051e0cf80>)
[2022-09-06 18:31:02]000902711 (F30) email.pdf, (<class 'TypeError'>, TypeError('exceptions must derive from BaseException'), <traceback object at 0x7f3051dfbdc0>)
[2022-09-06 18:31:04]000902713 (F30) email.pdf, (<class 'TypeError'>, TypeError('exceptions must derive from BaseException'), <traceback object at 0x7f3051e1f480>)
[2022-09-06 18:31:07]000903416 (F30) email.pdf, (<class 'TypeError'>, TypeError('exceptions must derive from BaseException'), <traceback object at 0x7f3051e08280>)
[2022-09-06 18:31:19]000903802 703380504 - MDR.pdf, (<class 'TypeError'>, TypeError('exceptions must derive from BaseException'), <traceback object at 0x7f3051e081c0>)
[2022-09-06 18:31:51]000906767 (F30).pdf, (<class 'UnboundLocalError'>, UnboundLocalError("local variable 'hash_page2' referenced before assignment"), <traceback object at 0x7f3051df7880>)
[2022-09-06 18:31:54]000906972(F30)email.pdf, (<class 'TypeError'>, TypeError('exceptions must derive from BaseException'), <traceback object at 0x7f3051e03300>)
[2022-09-06 18:31:58]000906985 (F30) email.pdf, (<class 'TypeError'>, TypeError('exceptions must derive from BaseException'), <traceback object at 0x7f3051dfb380>)
[2022-09-06 18:32:01]000907258(F30)email.pdf, (<class 'TypeError'>, TypeError('exceptions must derive from BaseException'), <traceback object at 0x7f3051e0c3c0>)
[2022-09-06 18:32:04]000907933 (F30) email.pdf, (<class 'TypeError'>, TypeError('exceptions must derive from BaseException'), <traceback object at 0x7f3051e1f640>)
[2022-09-06 18:32:07]000909856(F30)email.pdf, (<class 'TypeError'>, TypeError('exceptions must derive from BaseException'), <traceback object at 0x7f3051e1f280>)
[2022-09-06 18:32:10]000910189 (U30).pdf, (<class 'TypeError'>, TypeError('exceptions must derive from BaseException'), <traceback object at 0x7f3051e1f500>)
[2022-09-06 18:32:13]000910230 (F30) email.pdf, (<class 'TypeError'>, TypeError('exceptions must derive from BaseException'), <traceback object at 0x7f3051dfb240>)
[2022-09-06 18:32:16]000910231 (F30) email.pdf, (<class 'TypeError'>, TypeError('exceptions must derive from BaseException'), <traceback object at 0x7f3051dfb5c0>)
[2022-09-06 18:32:38]000913149 GCR12279505(F30).pdf, (<class 'TypeError'>, TypeError('exceptions must derive from BaseException'), <traceback object at 0x7f3051e0cb40>)
[2022-09-06 18:33:17]000914514.pdf, (<class 'UnboundLocalError'>, UnboundLocalError("local variable 'hash_page2' referenced before assignment"), <traceback object at 0x7f3051e03c00>)
[2022-09-06 18:33:38]000915405 (F30).pdf, (<class 'TypeError'>, TypeError('exceptions must derive from BaseException'), <traceback object at 0x7f3051e12d80>)
[2022-09-06 18:33:55]000916441 (F30).pdf, (<class 'TypeError'>, TypeError('exceptions must derive from BaseException'), <traceback object at 0x7f3051e03340>)
[2022-09-06 18:34:16]000918418(F30).pdf, (<class 'TypeError'>, TypeError('exceptions must derive from BaseException'), <traceback object at 0x7f3051dfb400>)
[2022-09-06 18:34:33]000918427 (F30).pdf, (<class 'TypeError'>, TypeError('exceptions must derive from BaseException'), <traceback object at 0x7f3051dfb240>)
[2022-09-06 18:35:18]000918715 368385 (C.C) Follow-up MDPR COPY.pdf, (<class 'UnboundLocalError'>, UnboundLocalError("local variable 'hash_page2' referenced before assignment"), <traceback object at 0x7f3051e0cc80>)
[2022-09-06 18:35:41]000920986  GCR13310284(F30).pdf, (<class 'TypeError'>, TypeError('exceptions must derive from BaseException'), <traceback object at 0x7f3051e12e00>)
[2022-09-06 18:35:44]000921272(F30)email.pdf, (<class 'TypeError'>, TypeError('exceptions must derive from BaseException'), <traceback object at 0x7f3051e03080>)
[2022-09-06 18:35:47]000921438 (F30) email.pdf, (<class 'TypeError'>, TypeError('exceptions must derive from BaseException'), <traceback object at 0x7f3051e03440>)
[2022-09-06 18:35:49]000921534(F30)email.pdf, (<class 'TypeError'>, TypeError('exceptions must derive from BaseException'), <traceback object at 0x7f3051e03080>)
[2022-09-06 18:35:52]000921643(F30)email.pdf, (<class 'TypeError'>, TypeError('exceptions must derive from BaseException'), <traceback object at 0x7f3051e03c80>)
[2022-09-06 18:36:36]000923435.pdf, (<class 'UnboundLocalError'>, UnboundLocalError("local variable 'hash_page2' referenced before assignment"), <traceback object at 0x7f3051e12dc0>)
[2022-09-06 18:36:38]000923533 (F30) email.pdf, (<class 'TypeError'>, TypeError('exceptions must derive from BaseException'), <traceback object at 0x7f3051dfba40>)
[2022-09-06 18:36:41]000924930(UR30)email.pdf, (<class 'TypeError'>, TypeError('exceptions must derive from BaseException'), <traceback object at 0x7f3051e08cc0>)
[2022-09-06 18:37:57]000925092 CN-043287 Final Canada Vigilance Report baf.pdf, (<class 'UnboundLocalError'>, UnboundLocalError("local variable 'hash_page2' referenced before assignment"), <traceback object at 0x7f3051e12bc0>)
[2022-09-06 18:38:29]000925096  CN-043293 (F30).pdf, (<class 'UnboundLocalError'>, UnboundLocalError("local variable 'hash_page2' referenced before assignment"), <traceback object at 0x7f3051dfdf80>)
[2022-09-06 18:39:47]000925162  CA-CN-043287 Final Canada Report.pdf, (<class 'UnboundLocalError'>, UnboundLocalError("local variable 'hash_page2' referenced before assignment"), <traceback object at 0x7f3051dfda00>)
[2022-09-06 18:40:21]000925176 (F30).pdf, (<class 'UnboundLocalError'>, UnboundLocalError("local variable 'hash_page2' referenced before assignment"), <traceback object at 0x7f3051dfd280>)
[2022-09-06 18:41:41]000925241 CA-CN-043305 Final Canada Report.pdf, (<class 'UnboundLocalError'>, UnboundLocalError("local variable 'hash_page2' referenced before assignment"), <traceback object at 0x7f3051dfd2c0>)
[2022-09-06 18:42:20]000926395 743220 (F30) C+A.pdf, (<class 'UnboundLocalError'>, UnboundLocalError("local variable 'hash_page2' referenced before assignment"), <traceback object at 0x7f3051dfdc40>)
[2022-09-06 18:42:24]000926395 (U30).pdf, (<class 'TypeError'>, TypeError('exceptions must derive from BaseException'), <traceback object at 0x7f3051e1f640>)
[2022-09-06 18:42:27]000927758(F30)email.pdf, (<class 'TypeError'>, TypeError('exceptions must derive from BaseException'), <traceback object at 0x7f3051df7680>)
[2022-09-06 18:43:03]000928639 (F30).pdf, (<class 'UnboundLocalError'>, UnboundLocalError("local variable 'hash_page2' referenced before assignment"), <traceback object at 0x7f3051e082c0>)
[2022-09-06 18:43:50]000931707 (F30).pdf, (<class 'UnboundLocalError'>, UnboundLocalError("local variable 'hash_page2' referenced before assignment"), <traceback object at 0x7f3051dfd380>)
[2022-09-06 18:44:20]000931735.pdf, (<class 'UnboundLocalError'>, UnboundLocalError("local variable 'hash_page2' referenced before assignment"), <traceback object at 0x7f3051c24d00>)
[2022-09-06 18:45:03]000932469 PR-2763681-2763701_Update Final MDPR.pdf, (<class 'UnboundLocalError'>, UnboundLocalError("local variable 'hash_page2' referenced before assignment"), <traceback object at 0x7f3051dfd200>)
[2022-09-06 18:45:04]000933885 (F30) email.pdf, (<class 'TypeError'>, TypeError('exceptions must derive from BaseException'), <traceback object at 0x7f3051e0c180>)
[2022-09-06 18:45:28]000934039 (F30).pdf, (<class 'UnboundLocalError'>, UnboundLocalError("local variable 'hash_page1' referenced before assignment"), <traceback object at 0x7f3051e03040>)
[2022-09-06 18:45:31]000936575 (F30) email.pdf, (<class 'TypeError'>, TypeError('exceptions must derive from BaseException'), <traceback object at 0x7f305364a040>)
[2022-09-06 18:45:34]000938463 (F30) email.pdf, (<class 'TypeError'>, TypeError('exceptions must derive from BaseException'), <traceback object at 0x7f3051e0c380>)
[2022-09-06 18:45:36]000938557 (U30).pdf, (<class 'TypeError'>, TypeError('exceptions must derive from BaseException'), <traceback object at 0x7f3051e0ce40>)
[2022-09-06 18:45:38]000938780(F30)email.pdf, (<class 'TypeError'>, TypeError('exceptions must derive from BaseException'), <traceback object at 0x7f3051e03800>)
[2022-09-06 18:46:00]000938910 (F30).pdf, (<class 'UnboundLocalError'>, UnboundLocalError("local variable 'hash_page1' referenced before assignment"), <traceback object at 0x7f3051e1f080>)
[2022-09-06 18:46:02]000939382 email.pdf, (<class 'TypeError'>, TypeError('exceptions must derive from BaseException'), <traceback object at 0x7f3051e1f0c0>)
[2022-09-06 18:46:03]000939600 prelim email.pdf, (<class 'TypeError'>, TypeError('exceptions must derive from BaseException'), <traceback object at 0x7f3051e0c240>)
[2022-09-06 18:46:37]000939794 (F30).pdf, (<class 'UnboundLocalError'>, UnboundLocalError("local variable 'hash_page2' referenced before assignment"), <traceback object at 0x7f3051e1f400>)
[2022-09-06 18:46:40]000940136 (F30) email.pdf, (<class 'TypeError'>, TypeError('exceptions must derive from BaseException'), <traceback object at 0x7f3051e08700>)
[2022-09-06 18:46:52]000941092 (F30).pdf, (<class 'TypeError'>, TypeError('exceptions must derive from BaseException'), <traceback object at 0x7f3051c24f00>)
[2022-09-06 18:47:01]000941176.pdf, (<class 'TypeError'>, TypeError('exceptions must derive from BaseException'), <traceback object at 0x7f3051c24b00>)
[2022-09-06 18:47:05]000941242(1) email.pdf, (<class 'TypeError'>, TypeError('exceptions must derive from BaseException'), <traceback object at 0x7f3051c24240>)
[2022-09-06 18:47:49]000941624(F30).pdf, (<class 'UnboundLocalError'>, UnboundLocalError("local variable 'hash_page2' referenced before assignment"), <traceback object at 0x7f3051e08ec0>)
[2022-09-06 18:48:21]000941648 (F30).pdf, (<class 'UnboundLocalError'>, UnboundLocalError("local variable 'hash_page2' referenced before assignment"), <traceback object at 0x7f3051dfdb00>)
[2022-09-06 18:49:06]000941654(F30).pdf, (<class 'UnboundLocalError'>, UnboundLocalError("local variable 'hash_page2' referenced before assignment"), <traceback object at 0x7f3051dfd2c0>)
[2022-09-06 18:49:09]000941691(F30)Email.pdf, (<class 'TypeError'>, TypeError('exceptions must derive from BaseException'), <traceback object at 0x7f3051dfb400>)
[2022-09-06 18:49:14]000941728(F30)Attachment.pdf, (<class 'TypeError'>, TypeError('exceptions must derive from BaseException'), <traceback object at 0x7f3051e1f080>)
[2022-09-06 18:49:17]000941728(F30)email.pdf, (<class 'TypeError'>, TypeError('exceptions must derive from BaseException'), <traceback object at 0x7f3051df7880>)
[2022-09-06 18:49:20]000941746(F30)email.pdf, (<class 'TypeError'>, TypeError('exceptions must derive from BaseException'), <traceback object at 0x7f3051c24a40>)
[2022-09-06 18:49:58]000941814 (F30) email.pdf, (<class 'TypeError'>, TypeError('exceptions must derive from BaseException'), <traceback object at 0x7f3051c24880>)
[2022-09-06 18:50:26]000941844 (F30).pdf, (<class 'UnboundLocalError'>, UnboundLocalError("local variable 'hash_page2' referenced before assignment"), <traceback object at 0x7f3051e08700>)
[2022-09-06 18:50:29]000942002(F30)Attachment.pdf, (<class 'TypeError'>, TypeError('exceptions must derive from BaseException'), <traceback object at 0x7f3051e082c0>)
[2022-09-06 18:50:32]000942002(F30)email.pdf, (<class 'TypeError'>, TypeError('exceptions must derive from BaseException'), <traceback object at 0x7f3051c243c0>)
[2022-09-06 18:50:35]000942006(F30)email.pdf, (<class 'TypeError'>, TypeError('exceptions must derive from BaseException'), <traceback object at 0x7f3051c24900>)
[2022-09-06 18:51:08]000942520 (F30).pdf, (<class 'UnboundLocalError'>, UnboundLocalError("local variable 'hash_page2' referenced before assignment"), <traceback object at 0x7f3051e03a00>)
[2022-09-06 18:51:12]000942735(2) email.pdf, (<class 'TypeError'>, TypeError('exceptions must derive from BaseException'), <traceback object at 0x7f3051e03e40>)
[2022-09-06 18:51:16]000942804 (F30) email.pdf, (<class 'TypeError'>, TypeError('exceptions must derive from BaseException'), <traceback object at 0x7f3051e0c4c0>)
[2022-09-06 18:51:46]000942939 (F30).pdf, (<class 'UnboundLocalError'>, UnboundLocalError("local variable 'hash_page2' referenced before assignment"), <traceback object at 0x7f3051e03c00>)
[2022-09-06 18:52:17]000943051 (F30).pdf, (<class 'UnboundLocalError'>, UnboundLocalError("local variable 'hash_page2' referenced before assignment"), <traceback object at 0x7f3051dfda80>)
[2022-09-06 18:52:20]000943299 (F30) email.pdf, (<class 'TypeError'>, TypeError('exceptions must derive from BaseException'), <traceback object at 0x7f3051e1f580>)
[2022-09-06 18:52:23]000943377 (F30) email.pdf, (<class 'TypeError'>, TypeError('exceptions must derive from BaseException'), <traceback object at 0x7f3051e08dc0>)
[2022-09-06 18:52:25]000943663(F30)email.pdf, (<class 'TypeError'>, TypeError('exceptions must derive from BaseException'), <traceback object at 0x7f3051e084c0>)
[2022-09-06 18:52:26]000943667(F30)email.pdf, (<class 'TypeError'>, TypeError('exceptions must derive from BaseException'), <traceback object at 0x7f3051e08340>)
[2022-09-06 18:52:29]000944596 (F30) email.pdf, (<class 'TypeError'>, TypeError('exceptions must derive from BaseException'), <traceback object at 0x7f3051e084c0>)
[2022-09-06 18:52:30]000944838(UR30)email.pdf, (<class 'TypeError'>, TypeError('exceptions must derive from BaseException'), <traceback object at 0x7f3051e08b40>)
[2022-09-06 18:52:33]000944868 (F30) email.pdf, (<class 'TypeError'>, TypeError('exceptions must derive from BaseException'), <traceback object at 0x7f3051e08340>)
[2022-09-06 18:53:47]000945176.pdf, (<class 'UnboundLocalError'>, UnboundLocalError("local variable 'hash_page1' referenced before assignment"), <traceback object at 0x7f3051e128c0>)
[2022-09-06 18:55:41]000945877 (U30).pdf, (<class 'UnboundLocalError'>, UnboundLocalError("local variable 'hash_page2' referenced before assignment"), <traceback object at 0x7f3051e03200>)
[2022-09-06 18:55:44]000946203 (F30) email.pdf, (<class 'TypeError'>, TypeError('exceptions must derive from BaseException'), <traceback object at 0x7f3051e08940>)
[2022-09-06 18:55:48]000946214 (F30) email.pdf, (<class 'TypeError'>, TypeError('exceptions must derive from BaseException'), <traceback object at 0x7f3051e0cbc0>)
[2022-09-06 18:55:51]000946237 (F30) email.pdf, (<class 'TypeError'>, TypeError('exceptions must derive from BaseException'), <traceback object at 0x7f3051c24380>)
[2022-09-06 18:56:00]000946287(F30).pdf, (<class 'TypeError'>, TypeError('exceptions must derive from BaseException'), <traceback object at 0x7f3051c24cc0>)
[2022-09-06 18:56:32]000946353 (F30).pdf, (<class 'UnboundLocalError'>, UnboundLocalError("local variable 'hash_page2' referenced before assignment"), <traceback object at 0x7f3051e1f540>)
[2022-09-06 18:56:43]000946552(F30).pdf, (<class 'TypeError'>, TypeError('exceptions must derive from BaseException'), <traceback object at 0x7f3051e12580>)
[2022-09-06 18:56:46]000946619(F30)email.pdf, (<class 'TypeError'>, TypeError('exceptions must derive from BaseException'), <traceback object at 0x7f3051e1f540>)
[2022-09-06 18:57:14]000946638.pdf, (<class 'UnboundLocalError'>, UnboundLocalError("local variable 'hash_page1' referenced before assignment"), <traceback object at 0x7f3051c24900>)
[2022-09-06 18:57:43]000946646.pdf, (<class 'UnboundLocalError'>, UnboundLocalError("local variable 'hash_page1' referenced before assignment"), <traceback object at 0x7f3051e12580>)
[2022-09-06 18:58:11]000946656.pdf, (<class 'UnboundLocalError'>, UnboundLocalError("local variable 'hash_page1' referenced before assignment"), <traceback object at 0x7f3051e12a00>)
[2022-09-06 18:58:40]000946664.pdf, (<class 'UnboundLocalError'>, UnboundLocalError("local variable 'hash_page1' referenced before assignment"), <traceback object at 0x7f3051e12940>)
[2022-09-06 18:59:53]000946968 (F30).pdf, (<class 'UnboundLocalError'>, UnboundLocalError("local variable 'hash_page2' referenced before assignment"), <traceback object at 0x7f3051e12b80>)
[2022-09-06 19:00:27]000947060 (F30).pdf, (<class 'UnboundLocalError'>, UnboundLocalError("local variable 'hash_page2' referenced before assignment"), <traceback object at 0x7f3051dfdf00>)
[2022-09-06 19:01:01]000947117.pdf, (<class 'UnboundLocalError'>, UnboundLocalError("local variable 'hash_page2' referenced before assignment"), <traceback object at 0x7f3051c24180>)
[2022-09-06 19:01:03]000947206(2) email.pdf, (<class 'TypeError'>, TypeError('exceptions must derive from BaseException'), <traceback object at 0x7f3051e03a00>)
[2022-09-06 19:01:35]000947255 (U30).pdf, (<class 'UnboundLocalError'>, UnboundLocalError("local variable 'hash_page2' referenced before assignment"), <traceback object at 0x7f3051e03b80>)
[2022-09-06 19:02:35]000947290 MDPR-2020-00202-01.pdf, (<class 'UnboundLocalError'>, UnboundLocalError("local variable 'hash_page2' referenced before assignment"), <traceback object at 0x7f3051cec0c0>)
[2022-09-06 19:02:37]000947582 (F30) email.pdf, (<class 'TypeError'>, TypeError('exceptions must derive from BaseException'), <traceback object at 0x7f3051e1f600>)
[2022-09-06 19:02:39]000947587 (F30) email.pdf, (<class 'TypeError'>, TypeError('exceptions must derive from BaseException'), <traceback object at 0x7f3053680d00>)
[2022-09-06 19:02:41]000947588 (F30) email.pdf, (<class 'TypeError'>, TypeError('exceptions must derive from BaseException'), <traceback object at 0x7f3051c24f00>)
[2022-09-06 19:02:43]000947589 (F30) email.pdf, (<class 'TypeError'>, TypeError('exceptions must derive from BaseException'), <traceback object at 0x7f3051c246c0>)
[2022-09-06 19:02:51]000947731(UR30).pdf, (<class 'TypeError'>, TypeError('exceptions must derive from BaseException'), <traceback object at 0x7f3051c24540>)
[2022-09-06 19:03:58]000947830.pdf, (<class 'UnboundLocalError'>, UnboundLocalError("local variable 'hash_page2' referenced before assignment"), <traceback object at 0x7f3051dfd500>)
[2022-09-06 19:04:08]000947870 (F30).pdf, (<class 'TypeError'>, TypeError('exceptions must derive from BaseException'), <traceback object at 0x7f3051dfde80>)
[2022-09-06 19:04:17]000947886.pdf, (<class 'TypeError'>, TypeError('exceptions must derive from BaseException'), <traceback object at 0x7f3051ef7940>)
[2022-09-06 19:04:26]000947904.pdf, (<class 'TypeError'>, TypeError('exceptions must derive from BaseException'), <traceback object at 0x7f3051c24e00>)
[2022-09-06 19:04:28]000947907(2) email.pdf, (<class 'TypeError'>, TypeError('exceptions must derive from BaseException'), <traceback object at 0x7f3051e1f040>)
[2022-09-06 19:04:30]000947983(F30)email.pdf, (<class 'TypeError'>, TypeError('exceptions must derive from BaseException'), <traceback object at 0x7f3051c24680>)
[2022-09-06 19:05:02]000948019 (F30).pdf, (<class 'UnboundLocalError'>, UnboundLocalError("local variable 'hash_page2' referenced before assignment"), <traceback object at 0x7f3051e08fc0>)
[2022-09-06 19:05:47]000948201.pdf, (<class 'UnboundLocalError'>, UnboundLocalError("local variable 'hash_page2' referenced before assignment"), <traceback object at 0x7f3051cff200>)
[2022-09-06 19:06:23]000948246(F30)email.pdf, (<class 'TypeError'>, TypeError('exceptions must derive from BaseException'), <traceback object at 0x7f3051e0c540>)
[2022-09-06 19:06:25]000948277(2) email.pdf, (<class 'TypeError'>, TypeError('exceptions must derive from BaseException'), <traceback object at 0x7f3051e1f1c0>)
[2022-09-06 19:06:28]000948302(F30)email.pdf, (<class 'TypeError'>, TypeError('exceptions must derive from BaseException'), <traceback object at 0x7f3051e0cb40>)
[2022-09-06 19:07:08]000948365(F30).pdf, (<class 'UnboundLocalError'>, UnboundLocalError("local variable 'hash_page2' referenced before assignment"), <traceback object at 0x7f3051e03680>)
[2022-09-06 19:07:11]000948535(F30)email.pdf, (<class 'TypeError'>, TypeError('exceptions must derive from BaseException'), <traceback object at 0x7f3051e1f180>)
[2022-09-06 19:08:14]000948546(1).pdf, (<class 'UnboundLocalError'>, UnboundLocalError("local variable 'hash_page2' referenced before assignment"), <traceback object at 0x7f3051e03180>)
[2022-09-06 19:08:16]000948805 (F30) email.pdf, (<class 'TypeError'>, TypeError('exceptions must derive from BaseException'), <traceback object at 0x7f3051e031c0>)
[2022-09-06 19:08:48]000949029(F30).pdf, (<class 'UnboundLocalError'>, UnboundLocalError("local variable 'hash_page2' referenced before assignment"), <traceback object at 0x7f3051e03c80>)
[2022-09-06 19:08:51]000949083 (F30) email.pdf, (<class 'TypeError'>, TypeError('exceptions must derive from BaseException'), <traceback object at 0x7f3051e03e40>)
[2022-09-06 19:09:50]000949141(1).pdf, (<class 'UnboundLocalError'>, UnboundLocalError("local variable 'hash_page2' referenced before assignment"), <traceback object at 0x7f3051dfda80>)
[2022-09-06 19:09:51]000949187(F30)email.pdf, (<class 'TypeError'>, TypeError('exceptions must derive from BaseException'), <traceback object at 0x7f3051dfdcc0>)
[2022-09-06 19:09:53]000949328email.pdf, (<class 'TypeError'>, TypeError('exceptions must derive from BaseException'), <traceback object at 0x7f3051e1f040>)
[2022-09-06 19:10:24]000949538(F30).pdf, (<class 'UnboundLocalError'>, UnboundLocalError("local variable 'hash_page2' referenced before assignment"), <traceback object at 0x7f3051e0cf00>)
[2022-09-06 19:10:27]000949583(F30)email.pdf, (<class 'TypeError'>, TypeError('exceptions must derive from BaseException'), <traceback object at 0x7f3051e0ca80>)
[2022-09-06 19:10:30]000949592 (F30) email.pdf, (<class 'TypeError'>, TypeError('exceptions must derive from BaseException'), <traceback object at 0x7f3051e1f300>)
[2022-09-06 19:11:01]000949652 (F30).pdf, (<class 'UnboundLocalError'>, UnboundLocalError("local variable 'hash_page1' referenced before assignment"), <traceback object at 0x7f3051dfd300>)
[2022-09-06 19:11:12]000949652 MDPR_2020-7213-QA-ST_693815_Update 2.pdf, (<class 'TypeError'>, TypeError('exceptions must derive from BaseException'), <traceback object at 0x7f3051dfd980>)
[2022-09-06 19:11:44]000949877.pdf, (<class 'UnboundLocalError'>, UnboundLocalError("local variable 'hash_page2' referenced before assignment"), <traceback object at 0x7f3051e12640>)
[2022-09-06 19:11:51]000949936 (F30) Analysis and closure report.pdf, (<class 'TypeError'>, TypeError('exceptions must derive from BaseException'), <traceback object at 0x7f3051e0cf40>)
[2022-09-06 19:11:53]000949936 (F30) email.pdf, (<class 'TypeError'>, TypeError('exceptions must derive from BaseException'), <traceback object at 0x7f3051e03b00>)
[2022-09-06 19:11:54]000950349 (F30) email.pdf, (<class 'TypeError'>, TypeError('exceptions must derive from BaseException'), <traceback object at 0x7f3051e03680>)
[2022-09-06 19:11:56]000950871(F30)email.pdf, (<class 'TypeError'>, TypeError('exceptions must derive from BaseException'), <traceback object at 0x7f3051e03040>)
[2022-09-06 19:12:05]000950910(F30).pdf, (<class 'TypeError'>, TypeError('exceptions must derive from BaseException'), <traceback object at 0x7f3051e12ac0>)
[2022-09-06 19:12:38]000951066 (F30).pdf, (<class 'UnboundLocalError'>, UnboundLocalError("local variable 'hash_page1' referenced before assignment"), <traceback object at 0x7f3051dfd6c0>)
[2022-09-06 19:13:03]000951194 (F30).pdf, (<class 'UnboundLocalError'>, UnboundLocalError("local variable 'hash_page2' referenced before assignment"), <traceback object at 0x7f3051cff480>)
[2022-09-06 19:13:06]000951227 (F30) email.pdf, (<class 'TypeError'>, TypeError('exceptions must derive from BaseException'), <traceback object at 0x7f3051e12d00>)
[2022-09-06 19:13:07]000951467 (F30) email.pdf, (<class 'TypeError'>, TypeError('exceptions must derive from BaseException'), <traceback object at 0x7f3051c24500>)
[2022-09-06 19:14:09]000951560 MDPR-2020-00205-01.pdf, (<class 'UnboundLocalError'>, UnboundLocalError("local variable 'hash_page2' referenced before assignment"), <traceback object at 0x7f3051e08a80>)
[2022-09-06 19:14:40]000951580(F30).pdf, (<class 'UnboundLocalError'>, UnboundLocalError("local variable 'hash_page2' referenced before assignment"), <traceback object at 0x7f3051dfd640>)
[2022-09-06 19:15:30]000951673 (F30).pdf, (<class 'TypeError'>, TypeError('exceptions must derive from BaseException'), <traceback object at 0x7f30535dfa80>)
[2022-09-06 19:15:58]000951699(UR30).pdf, (<class 'UnboundLocalError'>, UnboundLocalError("local variable 'hash_page2' referenced before assignment"), <traceback object at 0x7f3051e0c300>)
[2022-09-06 19:17:14]000951746(F30)email.pdf, (<class 'TypeError'>, TypeError('exceptions must derive from BaseException'), <traceback object at 0x7f3053680e00>)
[2022-09-06 19:18:07]000951926 (F30).pdf, (<class 'UnboundLocalError'>, UnboundLocalError("local variable 'hash_page2' referenced before assignment"), <traceback object at 0x7f3051e08ec0>)
[2022-09-06 19:18:10]000952064 (F30) email.pdf, (<class 'TypeError'>, TypeError('exceptions must derive from BaseException'), <traceback object at 0x7f3051e08700>)
[2022-09-06 19:18:48]000952070 MDPR_2020-7247-QA-ST_695430_F.pdf, (<class 'UnboundLocalError'>, UnboundLocalError("local variable 'hash_page2' referenced before assignment"), <traceback object at 0x7f3051e08f80>)
[2022-09-06 19:18:51]000952115 (F30) email.pdf, (<class 'TypeError'>, TypeError('exceptions must derive from BaseException'), <traceback object at 0x7f3051e03a00>)
[2022-09-06 19:18:54]000952191 (F30) email.pdf, (<class 'TypeError'>, TypeError('exceptions must derive from BaseException'), <traceback object at 0x7f3051e1f200>)
[2022-09-06 19:20:01]000952206 Final MDPR 12386513 12Aug2020.pdf, (<class 'UnboundLocalError'>, UnboundLocalError("local variable 'hash_page1' referenced before assignment"), <traceback object at 0x7f3051e08180>)
[2022-09-06 19:20:52]000952263(UR30).pdf, (<class 'UnboundLocalError'>, UnboundLocalError("local variable 'hash_page2' referenced before assignment"), <traceback object at 0x7f3051dfd5c0>)
[2022-09-06 19:20:54]000952521 (F30) email.pdf, (<class 'TypeError'>, TypeError('exceptions must derive from BaseException'), <traceback object at 0x7f3051e08380>)
[2022-09-06 19:21:36]000952710(Update).pdf, (<class 'TypeError'>, TypeError('exceptions must derive from BaseException'), <traceback object at 0x7f3051e12440>)
[2022-09-06 19:22:50]000952738 768993TPPFINAL 8-5-20.pdf, (<class 'UnboundLocalError'>, UnboundLocalError("local variable 'hash_page2' referenced before assignment"), <traceback object at 0x7f3051e08c80>)
[2022-09-06 19:22:52]000952738(Update)email.pdf, (<class 'TypeError'>, TypeError('exceptions must derive from BaseException'), <traceback object at 0x7f3051e08480>)
[2022-09-06 19:22:52]000952787 (F30) email.pdf, (<class 'TypeError'>, TypeError('exceptions must derive from BaseException'), <traceback object at 0x7f3051dfb5c0>)
[2022-09-06 19:23:29]000952812.pdf, (<class 'UnboundLocalError'>, UnboundLocalError("local variable 'hash_page2' referenced before assignment"), <traceback object at 0x7f3051c24080>)
[2022-09-06 19:23:59]000952868(F30).pdf, (<class 'UnboundLocalError'>, UnboundLocalError("local variable 'hash_page1' referenced before assignment"), <traceback object at 0x7f3051dfd380>)
[2022-09-06 19:24:29]000952868 MDPR_2020-7275-QA-ST_696450_F.pdf, (<class 'UnboundLocalError'>, UnboundLocalError("local variable 'hash_page2' referenced before assignment"), <traceback object at 0x7f3051dfdc40>)
[2022-09-06 19:25:02]000952881 (F30).pdf, (<class 'UnboundLocalError'>, UnboundLocalError("local variable 'hash_page1' referenced before assignment"), <traceback object at 0x7f3051e12e40>)
[2022-09-06 19:25:35]000952881 MDPR_2020-7269-QA-ST_696016_Update.pdf, (<class 'UnboundLocalError'>, UnboundLocalError("local variable 'hash_page2' referenced before assignment"), <traceback object at 0x7f3051e08900>)
[2022-09-06 19:25:46]000952894 (F30).pdf, (<class 'TypeError'>, TypeError('exceptions must derive from BaseException'), <traceback object at 0x7f3051e0cc00>)
[2022-09-06 19:26:18]000952917(F30).pdf, (<class 'UnboundLocalError'>, UnboundLocalError("local variable 'hash_page1' referenced before assignment"), <traceback object at 0x7f3051c24a40>)
[2022-09-06 19:26:51]000952947(UR30).pdf, (<class 'UnboundLocalError'>, UnboundLocalError("local variable 'hash_page2' referenced before assignment"), <traceback object at 0x7f3051e084c0>)
[2022-09-06 19:27:01]000953023 (U30).pdf, (<class 'TypeError'>, TypeError('exceptions must derive from BaseException'), <traceback object at 0x7f3051e1f400>)
[2022-09-06 19:27:34]000953038 (U30).pdf, (<class 'UnboundLocalError'>, UnboundLocalError("local variable 'hash_page2' referenced before assignment"), <traceback object at 0x7f3051dfd380>)
[2022-09-06 19:27:36]000953078 (F30) email.pdf, (<class 'TypeError'>, TypeError('exceptions must derive from BaseException'), <traceback object at 0x7f3051dfd3c0>)
[2022-09-06 19:28:04]000953127 PI 2418476 Final MDPR.pdf, (<class 'UnboundLocalError'>, UnboundLocalError("local variable 'hash_page2' referenced before assignment"), <traceback object at 0x7f3051dfd800>)
[2022-09-06 19:28:05]000953189 (F30) email.pdf, (<class 'TypeError'>, TypeError('exceptions must derive from BaseException'), <traceback object at 0x7f3051dfd9c0>)
[2022-09-06 19:29:18]000953358 (F30).pdf, (<class 'UnboundLocalError'>, UnboundLocalError("local variable 'hash_page2' referenced before assignment"), <traceback object at 0x7f3051dfd140>)
[2022-09-06 19:29:20]000953398 (F30) email.pdf, (<class 'TypeError'>, TypeError('exceptions must derive from BaseException'), <traceback object at 0x7f3051dfd900>)
[2022-09-06 19:29:51]000953417 (U30).pdf, (<class 'UnboundLocalError'>, UnboundLocalError("local variable 'hash_page2' referenced before assignment"), <traceback object at 0x7f3051e033c0>)
[2022-09-06 19:31:44]000953542.pdf, (<class 'UnboundLocalError'>, UnboundLocalError("local variable 'hash_page2' referenced before assignment"), <traceback object at 0x7f3051e03680>)
[2022-09-06 19:32:22]000953544 (F30).pdf, (<class 'UnboundLocalError'>, UnboundLocalError("local variable 'hash_page2' referenced before assignment"), <traceback object at 0x7f3051cffd80>)
[2022-09-06 19:34:10]000953610(F30).pdf, (<class 'UnboundLocalError'>, UnboundLocalError("local variable 'hash_page2' referenced before assignment"), <traceback object at 0x7f3051cff7c0>)
[2022-09-06 19:35:18]000953735 Final MDPR 12495840 13Nov2020.pdf, (<class 'UnboundLocalError'>, UnboundLocalError("local variable 'hash_page1' referenced before assignment"), <traceback object at 0x7f3051c24740>)
[2022-09-06 19:35:28]000953739 (F30).pdf, (<class 'TypeError'>, TypeError('exceptions must derive from BaseException'), <traceback object at 0x7f3051c24400>)
[2022-09-06 19:36:43]000953822 (F30) email.pdf, (<class 'TypeError'>, TypeError('exceptions must derive from BaseException'), <traceback object at 0x7f3051e0c3c0>)
[2022-09-06 19:36:55]000953847 (F30).pdf, (<class 'TypeError'>, TypeError('exceptions must derive from BaseException'), <traceback object at 0x7f3051e08bc0>)
[2022-09-06 19:39:18]000953916.pdf, local variable 'hash_page2' referenced before assignment
[2022-09-06 19:43:25]000953984 (F30).pdf, local variable 'hash_page2' referenced before assignment, ("local variable 'D2_Y1' referenced before assignment",)
[2022-09-06 19:45:08]000954012.pdf, local variable 'hash_page2' referenced before assignment, ("local variable 'D2_Y1' referenced before assignment",)
