[2024-02-13 22:30:59]raw.pdf, ("no such file: 'pdfs/raw.pdf'",)
[2024-02-13 22:31:43]000955552 (U30) email.pdf, ('NoLanguageFoundError',)
[2024-02-13 22:32:55]000958298 (P30).pdf, ('NoLanguageFoundError',)
[2024-02-13 22:33:29]000958302 (P30).pdf, ('NoLanguageFoundError',)
[2024-02-13 22:49:39]000969346(P30).pdf, ('NoLanguageFoundError',)
[2024-02-13 22:51:45]000956882 email.pdf, ('NoLanguageFoundError',)
[2024-02-13 22:52:13]000970554.pdf, ('NoLanguageFoundError',)
[2024-02-13 22:52:15]GCR14008251(F30).pdf, ('NoLanguageFoundError',)
[2024-02-13 22:55:26]000960019 - email.pdf, ('NoLanguageFoundError',)
[2024-02-13 22:55:30]000968213(F30)email.pdf, ('NoLanguageFoundError',)
[2024-02-13 22:59:11]CN-1289343email.pdf, ('NoLanguageFoundError',)
[2024-02-13 23:02:08]000980494(F30)email.pdf, ('NoLanguageFoundError',)
[2024-02-13 23:02:24]000964004 - email.pdf, ('NoLanguageFoundError',)
[2024-02-13 23:03:02]000955827 (F30) email.pdf, ('NoLanguageFoundError',)
[2024-02-13 23:03:53]000958298 (P30).pdf, ('NoLanguageFoundError',)
[2024-02-13 23:04:59]000958041 (F30) email.pdf, ('NoLanguageFoundError',)
[2024-02-13 23:06:49]000965920(F30)email.pdf, ('NoLanguageFoundError',)
[2024-02-13 23:13:43]000964312 (P+F) email.pdf, ('NoLanguageFoundError',)
[2024-02-13 23:14:49]000962959(F30)email.pdf, ('NoLanguageFoundError',)
[2024-02-13 23:15:35]000955874 (F30) email.pdf, ('NoLanguageFoundError',)
[2024-02-13 23:19:04]000976535 - email.pdf, ('NoLanguageFoundError',)
[2024-02-13 23:19:49]000956462 (U30) email.pdf, ('NoLanguageFoundError',)
[2024-02-13 23:19:58]MDPR2020-021 202006-117 Final_1.pdf, ('NoLanguageFoundError',)
[2024-02-13 23:21:40]000956082 (F30) email.pdf, ('NoLanguageFoundError',)
[2024-02-13 23:24:12]000966505 (F30) email.pdf, ('NoLanguageFoundError',)
[2024-02-13 23:29:16]000960387 (F30) email.pdf, ('NoLanguageFoundError',)
[2024-02-13 23:30:18]000910231 (F30) email.pdf, ('NoLanguageFoundError',)
[2024-02-13 23:32:51]000952894 (F30).pdf, ('NoLanguageFoundError',)
[2024-02-13 23:37:47]000957762 - email.pdf, ('NoLanguageFoundError',)
[2024-02-13 23:38:00]000972324 (P30).pdf, ('NoLanguageFoundError',)
[2024-02-13 23:38:25]9680794-2020-00387 email.pdf, ('NoLanguageFoundError',)
[2024-02-13 23:38:53]000966461 (F30) attachment.pdf, ('NoLanguageFoundError',)
[2024-02-13 23:39:47]000980716(F30) F1.pdf, ('NoLanguageFoundError',)
[2024-02-13 23:41:05]PL-2019-106email.pdf, ('NoLanguageFoundError',)
[2024-02-13 23:41:10]2020-7299-QA-ST email.pdf, ('NoLanguageFoundError',)
[2024-02-13 23:41:23]0704020826email.pdf, ('NoLanguageFoundError',)
[2024-02-13 23:41:53]000976840  CA-CN-059821 Initial CVR Report Attachment.pdf, ('NoLanguageFoundError',)
[2024-02-13 23:46:25]000968147 (P10) email.pdf, ('NoLanguageFoundError',)
[2024-02-13 23:48:13]170010 final email_Pg 3.pdf, ('NoLanguageFoundError',)
[2024-02-13 23:50:13]000956374 060060RL1192741_PN09P68-01_MDI_30_Day - Canada.pdf, ('NoLanguageFoundError',)
[2024-02-13 23:51:35]0703821556email.pdf, ('NoLanguageFoundError',)
[2024-02-13 23:53:52]000915405 (F30).pdf, ('NoLanguageFoundError',)
[2024-02-13 23:55:59]000965193 (F30).pdf, ('NoLanguageFoundError',)
[2024-02-13 23:56:27]000969908.pdf, ('NoLanguageFoundError',)
[2024-02-13 23:57:49]GCR13706196 (F30) IMP.pdf, ('NoLanguageFoundError',)
[2024-02-13 23:58:44]000955881 (F30) email.pdf, ('NoLanguageFoundError',)
[2024-02-14 00:00:09]000965452(F30)email.pdf, ('NoLanguageFoundError',)
[2024-02-14 00:02:26]000910230 (F30) email.pdf, ('NoLanguageFoundError',)
[2024-02-14 00:04:13]000976503 - email.pdf, ('NoLanguageFoundError',)
[2024-02-14 00:05:11]000946203 (F30) email.pdf, ('NoLanguageFoundError',)
[2024-02-14 00:06:22]GCR14112296(F30).pdf, ('NoLanguageFoundError',)
[2024-02-14 00:08:08]000967464.pdf, ('NoLanguageFoundError',)
[2024-02-14 00:08:49]000955848 (F30).pdf, ('NoLanguageFoundError',)
[2024-02-14 00:09:22]000967532.pdf, ('NoLanguageFoundError',)
[2024-02-14 00:10:48]060060RL1190633 (F30).pdf, ('NoLanguageFoundError',)
[2024-02-14 00:11:00]000969902.pdf, ('NoLanguageFoundError',)
[2024-02-14 00:12:08]000968645 (F30) email.pdf, ('NoLanguageFoundError',)
[2024-02-14 00:13:50]000941176.pdf, ('NoLanguageFoundError',)
[2024-02-14 00:15:31]000966756 email.pdf, ('NoLanguageFoundError',)
[2024-02-14 00:15:35]000957117(F30)email.pdf, ('NoLanguageFoundError',)
[2024-02-14 00:18:38]10000283605 final email.pdf, ('NoLanguageFoundError',)
[2024-02-14 00:21:53]000963634(F30)email.pdf, ('NoLanguageFoundError',)
[2024-02-14 00:23:03]000972010(F30).pdf, ('NoLanguageFoundError',)
[2024-02-14 00:24:22]000962675 (U30) email.pdf, ('NoLanguageFoundError',)
[2024-02-14 00:30:31]000948302(F30)email.pdf, ('NoLanguageFoundError',)
[2024-02-14 00:33:56]AER 000976422 .pdf, ('NoLanguageFoundError',)
[2024-02-14 00:35:07]000921643(F30)email.pdf, ('NoLanguageFoundError',)
[2024-02-14 00:41:57]000959254(F30) Portfolio.pdf, ('NoLanguageFoundError',)
[2024-02-14 00:46:45]000971409(P30)email.pdf, ('NoLanguageFoundError',)
[2024-02-14 00:46:59]000969346 (F30).pdf, ('NoLanguageFoundError',)
[2024-02-14 00:56:18]000973312 (F30).pdf, ('NoLanguageFoundError',)
[2024-02-14 00:57:07]MDR-0001 email.pdf, ('NoLanguageFoundError',)
[2024-02-14 00:58:23]000965980 (F30).pdf, ('NoLanguageFoundError',)
[2024-02-14 00:58:31]000956820 (F30).pdf, ('NoLanguageFoundError',)
[2024-02-14 01:00:25]AER not found FSCA _Final report_MONOPOLAIRE 2020.pdf, ('NoLanguageFoundError',)
[2024-02-14 01:01:06]000971489(F30)email.pdf, ('NoLanguageFoundError',)
[2024-02-14 01:02:16]000943667(F30)email.pdf, ('NoLanguageFoundError',)
[2024-02-14 01:02:56]000959403.pdf, ('NoLanguageFoundError',)
[2024-02-14 01:03:50]000944838(UR30)email.pdf, ('NoLanguageFoundError',)
[2024-02-14 01:04:10]000958675 - email.pdf, ('NoLanguageFoundError',)
[2024-02-14 01:04:23]AER 000972010 .pdf, ('NoLanguageFoundError',)
[2024-02-14 01:04:58]000969076(P30)email.pdf, ('NoLanguageFoundError',)
[2024-02-14 01:08:44]000957422 (F30) email.pdf, ('NoLanguageFoundError',)
[2024-02-14 01:10:03]000970586 - email.pdf, ('NoLanguageFoundError',)
[2024-02-14 01:11:32]MDPR2020-026 (202006-165) IMP email.pdf, ('NoLanguageFoundError',)
[2024-02-14 01:18:00]000966976 - email.pdf, ('NoLanguageFoundError',)
[2024-02-14 01:19:10]060060RL1220905-Final (002).pdf, ('NoLanguageFoundError',)
[2024-02-14 01:20:00]000974774 - email.pdf, ('NoLanguageFoundError',)
[2024-02-14 01:21:15]20211102321.pdf, ('NoLanguageFoundError',)
[2024-02-14 01:21:18]CN-058417 email.pdf, ('NoLanguageFoundError',)
[2024-02-14 01:21:59]000895425 (F30) email.pdf, ('NoLanguageFoundError',)
[2024-02-14 01:22:33]000956922 email.pdf, ('NoLanguageFoundError',)
[2024-02-14 01:27:38]000964607 - email.pdf, ('NoLanguageFoundError',)
[2024-02-14 01:28:08]J-Inspectorate-000965693-GCR14039134(F30).pdf, ('NoLanguageFoundError',)
[2024-02-14 01:30:13]000947904.pdf, ('NoLanguageFoundError',)
[2024-02-14 01:32:40]000958209 - email.pdf, ('NoLanguageFoundError',)
[2024-02-14 01:33:10]000967969 - email.pdf, ('NoLanguageFoundError',)
[2024-02-14 01:35:12]2020-00975 Mail.pdf, ('NoLanguageFoundError',)
[2024-02-14 01:36:20]000959984 - email.pdf, ('NoLanguageFoundError',)
[2024-02-14 01:36:23]000962426 (F30) email.pdf, ('NoLanguageFoundError',)
[2024-02-14 01:38:00]000965353 (F30) email.pdf, ('NoLanguageFoundError',)
[2024-02-14 01:38:19]000959153 - email.pdf, ('NoLanguageFoundError',)
[2024-02-14 01:40:09]000956374 (F30).pdf, ('NoLanguageFoundError',)
[2024-02-14 01:42:19]000965231 (U30) email.pdf, ('NoLanguageFoundError',)
[2024-02-14 01:45:01]GCR12279505 (F30).pdf, ('NoLanguageFoundError',)
[2024-02-14 01:45:20]000956361 060060RL1192087_PN03P68-21_MDI_30_Day - Canada.pdf, ('NoLanguageFoundError',)
[2024-02-14 01:47:23]000965154(F30).pdf, ('NoLanguageFoundError',)
[2024-02-14 01:48:11]000956740(F30)email.pdf, ('NoLanguageFoundError',)
[2024-02-14 01:48:52]000987813(P30).pdf, ('cannot save with zero pages',)
[2024-02-14 01:49:18]000956770(F30).pdf, ('NoLanguageFoundError',)
[2024-02-14 01:49:32]000961254 - email.pdf, ('NoLanguageFoundError',)
[2024-02-14 01:52:10]000955860 (F30) email.pdf, ('NoLanguageFoundError',)
[2024-02-14 01:54:29]000966928.pdf, ('NoLanguageFoundError',)
[2024-02-14 01:56:43]000947983(F30)email.pdf, ('NoLanguageFoundError',)
[2024-02-14 01:58:31]2020-7247-QA-ST email.pdf, ('NoLanguageFoundError',)
[2024-02-14 02:02:21]000955837 (F30) email.pdf, ('NoLanguageFoundError',)
[2024-02-14 02:02:22]2020-7277-QA-STemail.pdf, ('NoLanguageFoundError',)
[2024-02-14 02:02:28]000946214 (F30) email.pdf, ('NoLanguageFoundError',)
[2024-02-14 02:03:16]000966903.pdf, ('NoLanguageFoundError',)
[2024-02-14 02:03:46]000967991 - email.pdf, ('NoLanguageFoundError',)
[2024-02-14 02:04:02]000947907(2) email.pdf, ('NoLanguageFoundError',)
[2024-02-14 02:05:30]000960672 - email.pdf, ('NoLanguageFoundError',)
[2024-02-14 02:05:33]000955437email.pdf, ('NoLanguageFoundError',)
[2024-02-14 02:06:26]000957422 (F30) Canadian Problem Rpt Auth Ltr.pdf, ('NoLanguageFoundError',)
[2024-02-14 02:06:54]AER 000974186 .pdf, ('cannot save with zero pages',)
[2024-02-14 02:06:58]000944596 (F30) email.pdf, ('NoLanguageFoundError',)
[2024-02-14 02:08:38]000954150(F30)email.pdf, ('NoLanguageFoundError',)
[2024-02-14 02:09:22]000942006(F30)email.pdf, ('NoLanguageFoundError',)
[2024-02-14 02:10:12]000974705(P30).pdf, ('NoLanguageFoundError',)
[2024-02-14 02:10:59]AER 000972117 .pdf, ('NoLanguageFoundError',)
[2024-02-14 02:11:18]000974829.pdf, ('cannot save with zero pages',)
[2024-02-14 02:12:25]GCR13564090(F30).pdf, ('NoLanguageFoundError',)
[2024-02-14 02:14:58]000969395.pdf, ('NoLanguageFoundError',)
[2024-02-14 02:15:02]000947206(2) email.pdf, ('NoLanguageFoundError',)
[2024-02-14 02:17:16]12504319 (P30).pdf, ('NoLanguageFoundError',)
[2024-02-14 02:22:43]000958370 -email.pdf, ('NoLanguageFoundError',)
[2024-02-14 02:23:01]000959992- email.pdf, ('NoLanguageFoundError',)
[2024-02-14 02:23:54]no attachement C20493069 (U30).pdf, ('NoLanguageFoundError',)
[2024-02-14 02:23:57]000941728(F30)email.pdf, ('NoLanguageFoundError',)
[2024-02-14 02:24:31]000970652 - email.pdf, ('NoLanguageFoundError',)
[2024-02-14 02:26:29]000955888 (F30) cover letter.pdf, ('NoLanguageFoundError',)
[2024-02-14 02:26:55]000962930(F30)email.pdf, ('NoLanguageFoundError',)
[2024-02-14 02:27:24]000970550.pdf, ('NoLanguageFoundError',)
[2024-02-14 02:30:34]000958587 - email.pdf, ('NoLanguageFoundError',)
[2024-02-14 02:32:48]000976783(F30)email.pdf, ('NoLanguageFoundError',)
[2024-02-14 02:34:42]000962258 - email.pdf, ('NoLanguageFoundError',)
[2024-02-14 02:35:45]000958353-email.pdf, ('NoLanguageFoundError',)
[2024-02-14 02:36:57]000942735(2) email.pdf, ('NoLanguageFoundError',)
[2024-02-14 02:37:00]169041 final email_attchm.pdf, ('NoLanguageFoundError',)
[2024-02-14 02:37:14]CN-061464 email.pdf, ('NoLanguageFoundError',)
[2024-02-14 02:37:46]000955979 (F30) email.pdf, ('NoLanguageFoundError',)
[2024-02-14 02:42:15]2020-3178email.pdf, ('NoLanguageFoundError',)
[2024-02-14 02:44:45]000962411 (F30)email.pdf, ('NoLanguageFoundError',)
[2024-02-14 02:47:02]000966497 (F30) email.pdf, ('NoLanguageFoundError',)
[2024-02-14 02:47:36]000968451 (F30) email.pdf, ('NoLanguageFoundError',)
[2024-02-14 02:51:16]000959966 - email.pdf, ('NoLanguageFoundError',)
[2024-02-14 02:53:36]SVN312032936email.pdf, ('NoLanguageFoundError',)
[2024-02-14 02:55:18]000941814 (F30) email.pdf, ('NoLanguageFoundError',)
[2024-02-14 02:55:53]000954121(1) EMAIL.pdf, ('NoLanguageFoundError',)
[2024-02-14 02:57:05]000964921 email.pdf, ('NoLanguageFoundError',)
[2024-02-14 02:57:09]000955903 (F30) email.pdf, ('NoLanguageFoundError',)
[2024-02-14 02:58:03]AER 000972025 .pdf, ('NoLanguageFoundError',)
[2024-02-14 02:59:18]000969914.pdf, ('NoLanguageFoundError',)
[2024-02-14 02:59:30]000972716.pdf, ('NoLanguageFoundError',)
[2024-02-14 03:03:15]000956856 email.pdf, ('NoLanguageFoundError',)
[2024-02-14 03:05:45]CN-049063 Final Canada CVR Attachment.pdf, ('NoLanguageFoundError',)
[2024-02-14 03:19:44]000962157 - email.pdf, ('NoLanguageFoundError',)
[2024-02-14 03:20:05]INF-US-2020-030474 (416152)email.pdf, ('NoLanguageFoundError',)
[2024-02-14 03:22:23]000965518(UR30)email.pdf, ('NoLanguageFoundError',)
[2024-02-14 03:23:40]000960628(F30).pdf, ('NoLanguageFoundError',)
[2024-02-14 03:27:22]000971287(P30)email.pdf, ('NoLanguageFoundError',)
[2024-02-14 03:28:44]LokomatPro prelim email FOR.pdf, ('NoLanguageFoundError',)
[2024-02-14 03:28:45]000973139 (F30).pdf, ('NoLanguageFoundError',)
[2024-02-14 03:29:12]000977089 (F30).pdf, ('NoLanguageFoundError',)
[2024-02-14 03:34:54]000970651 (F30) email.pdf, ('NoLanguageFoundError',)
[2024-02-14 03:35:00]000956838 (F30) email.pdf, ('NoLanguageFoundError',)
[2024-02-14 03:35:47]000961160(F30)email.pdf, ('NoLanguageFoundError',)
[2024-02-14 03:45:23]000951746(F30)email.pdf, ('NoLanguageFoundError',)
[2024-02-14 03:50:08]000941242(1) email.pdf, ('NoLanguageFoundError',)
[2024-02-14 03:55:19]000956938 - email.pdf, ('NoLanguageFoundError',)
[2024-02-14 03:55:37]000961073(UR30)email.pdf, ('NoLanguageFoundError',)
[2024-02-14 03:57:17]000971272(P30).email.pdf, ('NoLanguageFoundError',)
[2024-02-14 03:57:40]000969699(P+F30).pdf, ('NoLanguageFoundError',)
[2024-02-14 03:57:53]000961564.pdf, ('NoLanguageFoundError',)
[2024-02-14 03:58:08]000966081.pdf, ('NoLanguageFoundError',)
[2024-02-14 03:59:34]Werner.pdf, ('NoLanguageFoundError',)
[2024-02-14 04:03:42]000963682 - email.pdf, ('NoLanguageFoundError',)
[2024-02-14 04:04:00]000965693 (F30).pdf, ('NoLanguageFoundError',)
[2024-02-14 04:04:28]000970529.pdf, ('NoLanguageFoundError',)
[2024-02-14 04:06:25]000969615(F30)email.pdf, ('NoLanguageFoundError',)
[2024-02-14 04:07:37]CN-058405 email.pdf, ('NoLanguageFoundError',)
[2024-02-14 04:07:41]20-0008 email.pdf, ('NoLanguageFoundError',)
[2024-02-14 04:11:39]Mail-9680794-2020-00533 F(30) .pdf, ('NoLanguageFoundError',)
[2024-02-14 04:17:22]CP-0007619 (U30).pdf, ('cannot save with zero pages',)
[2024-02-14 04:17:36]000970560.pdf, ('NoLanguageFoundError',)
[2024-02-14 04:22:20]000958091_email.pdf, ('NoLanguageFoundError',)
[2024-02-14 04:22:31]MDR-0001 continuation page (002).pdf, ('NoLanguageFoundError',)
[2024-02-14 04:24:27]000959132_email.pdf, ('NoLanguageFoundError',)
[2024-02-14 04:29:33]000972201 (P30) email.pdf, ('NoLanguageFoundError',)
[2024-02-14 04:30:43]Canada_md-mm_form-Final_Complaint#437 email.pdf, ('NoLanguageFoundError',)
[2024-02-14 04:31:24]000921272(F30)email.pdf, ('NoLanguageFoundError',)
[2024-02-14 04:31:28]000894827 (F30) email.pdf, ('NoLanguageFoundError',)
[2024-02-14 04:31:57]AER 000973863 .pdf, ('NoLanguageFoundError',)
[2024-02-14 04:33:39]000956901.pdf, ('NoLanguageFoundError',)
[2024-02-14 04:37:27]000966581- email.pdf, ('NoLanguageFoundError',)
[2024-02-14 04:38:12]000964736 (F30).pdf, ('NoLanguageFoundError',)
[2024-02-14 04:41:14]000961338 (U30) email.pdf, ('NoLanguageFoundError',)
[2024-02-14 04:41:45]300244244_email.pdf, ('NoLanguageFoundError',)
[2024-02-14 04:43:18]000939382 email.pdf, ('NoLanguageFoundError',)
[2024-02-14 04:47:21]000977422 - email.pdf, ('NoLanguageFoundError',)
[2024-02-14 04:47:24]0703518769 final email.pdf, ('NoLanguageFoundError',)
[2024-02-14 04:49:46]000971880 mail.pdf, ('NoLanguageFoundError',)
[2024-02-14 04:49:55]000903802 703380504 - MDR.pdf, ('NoLanguageFoundError',)
[2024-02-14 04:52:01]000967541.pdf, ('NoLanguageFoundError',)
[2024-02-14 04:52:11]000968976.pdf, ('NoLanguageFoundError',)
[2024-02-14 04:52:23]000956909(P30).pdf, ('NoLanguageFoundError',)
[2024-02-14 04:55:40]CN-1538933 (P+F30).pdf, ('NoLanguageFoundError',)
[2024-02-14 04:55:49]000957865 - email.pdf, ('NoLanguageFoundError',)
[2024-02-14 04:57:20]268819email.pdf, ('NoLanguageFoundError',)
[2024-02-14 04:59:47]000965315 email.pdf, ('NoLanguageFoundError',)
[2024-02-14 05:02:03]000966146 (F30) email.pdf, ('NoLanguageFoundError',)
[2024-02-14 05:02:13]000956551 - email.pdf, ('NoLanguageFoundError',)
[2024-02-14 05:03:07]PCR 1402 email.pdf, ('NoLanguageFoundError',)
[2024-02-14 05:07:22]000963999 email.pdf, ('NoLanguageFoundError',)
[2024-02-14 05:07:27]000972716 (F30).pdf, ('NoLanguageFoundError',)
[2024-02-14 05:09:50]NP-20210225164145038 F(30).pdf, ('NoLanguageFoundError',)
[2024-02-14 05:09:56]000962543(F30)email.pdf, ('NoLanguageFoundError',)
[2024-02-14 05:13:38]000956285.pdf, ('NoLanguageFoundError',)
[2024-02-14 05:16:12]000881976 (F30) email.pdf, ('NoLanguageFoundError',)
[2024-02-14 05:16:45]000976003 - email.pdf, ('NoLanguageFoundError',)
[2024-02-14 05:16:47]199211 final email MFC.pdf, ('NoLanguageFoundError',)
[2024-02-14 05:19:11]000965930- email.pdf, ('NoLanguageFoundError',)
[2024-02-14 05:21:30]2020-7606-QA-STemail.pdf, ('NoLanguageFoundError',)
[2024-02-14 05:22:23]178074 email.pdf, ('NoLanguageFoundError',)
[2024-02-14 05:23:50]000975421(.pdf, ('cannot save with zero pages',)
[2024-02-14 05:24:25]000965865 - email.pdf, ('NoLanguageFoundError',)
[2024-02-14 05:24:29]000966818 email.pdf, ('NoLanguageFoundError',)
[2024-02-14 05:26:01]MDPR-PER-2021-0020541-01email.pdf, ('NoLanguageFoundError',)
[2024-02-14 05:27:13]MDR-0001 continuation page.pdf, ('NoLanguageFoundError',)
[2024-02-14 05:29:29]CN-1390411email.pdf, ('NoLanguageFoundError',)
[2024-02-14 05:30:14]000964933 - email.pdf, ('NoLanguageFoundError',)
[2024-02-14 05:33:24]000973139.pdf, ('NoLanguageFoundError',)
[2024-02-14 05:34:16]AER 000972156 .pdf, ('NoLanguageFoundError',)
[2024-02-14 05:34:46]20201001170315226.pdf, ('NoLanguageFoundError',)
[2024-02-14 05:38:12]2020-08-05-101email.pdf, ('NoLanguageFoundError',)
[2024-02-14 05:40:44]P20-2964email.pdf, ('NoLanguageFoundError',)
[2024-02-14 05:41:12]000963317 (P+F) email.pdf, ('NoLanguageFoundError',)
[2024-02-14 05:44:27]000933885 (F30) email.pdf, ('NoLanguageFoundError',)
[2024-02-14 05:44:29]000955677 - email.pdf, ('NoLanguageFoundError',)
[2024-02-14 05:45:35]221730 email.pdf, ('NoLanguageFoundError',)
[2024-02-14 05:45:59]000970022 (P30) email.pdf, ('NoLanguageFoundError',)
[2024-02-14 05:47:48]000954894(F30).pdf, ('NoLanguageFoundError',)
[2024-02-14 05:48:33]000970364(P30).pdf, ('NoLanguageFoundError',)
[2024-02-14 05:48:37]mPR1963090.pdf, ('NoLanguageFoundError',)
[2024-02-14 05:49:55]000952738(Update)email.pdf, ('NoLanguageFoundError',)
[2024-02-14 05:50:32]000967662 - email.pdf, ('NoLanguageFoundError',)
[2024-02-14 05:51:33]AER 000975486 .pdf, ('NoLanguageFoundError',)
[2024-02-14 05:53:38]000960548 (F30) email.pdf, ('NoLanguageFoundError',)
[2024-02-14 05:58:36]000966137 email.pdf, ('NoLanguageFoundError',)
[2024-02-14 05:58:49]000965090 (F30).pdf, ('NoLanguageFoundError',)
[2024-02-14 05:59:34]000965974(F30)email.pdf, ('NoLanguageFoundError',)
[2024-02-14 06:00:15]AER 000963776 .pdf, ('NoLanguageFoundError',)
[2024-02-14 06:04:10]000957655 (F30) email.pdf, ('NoLanguageFoundError',)
[2024-02-14 06:07:06]000966137 (F30) email.pdf, ('NoLanguageFoundError',)
[2024-02-14 06:08:11]2019-7010-QA-ST update_2 emailMFC.pdf, ('NoLanguageFoundError',)
[2024-02-14 06:12:43]AER 000973910 .pdf, ('NoLanguageFoundError',)
[2024-02-14 06:13:06]000967449 - email.pdf, ('NoLanguageFoundError',)
[2024-02-14 06:16:14]SM_CO86 (P10).pdf, ('NoLanguageFoundError',)
[2024-02-14 06:17:26]000964948 email.pdf, ('NoLanguageFoundError',)
[2024-02-14 06:22:41]000959254(F30)email.pdf, ('NoLanguageFoundError',)
[2024-02-14 06:24:41]000921534(F30)email.pdf, ('NoLanguageFoundError',)
[2024-02-14 06:25:46]000958341-email.pdf, ('NoLanguageFoundError',)
[2024-02-14 06:26:42]000977250 - email.pdf, ('NoLanguageFoundError',)
[2024-02-14 06:28:47]000959731(F30)email.pdf, ('NoLanguageFoundError',)
[2024-02-14 06:31:19]000962948(F30)email.pdf, ('NoLanguageFoundError',)
[2024-02-14 06:34:58]CN-1339839 (P30) messageservlet.pdf, ('NoLanguageFoundError',)
[2024-02-14 06:38:43]000969786 (P+F) email.pdf, ('NoLanguageFoundError',)
[2024-02-14 06:39:59]000971972 (P30) email.pdf, ('NoLanguageFoundError',)
[2024-02-14 06:43:49]000974599.pdf, ('cannot save with zero pages',)
[2024-02-14 06:48:35]000959914 (F30).pdf, ('NoLanguageFoundError',)
[2024-02-14 06:51:15]000963595 (U30) email.pdf, ('NoLanguageFoundError',)
[2024-02-14 06:53:05]000956910 email.pdf, ('NoLanguageFoundError',)
[2024-02-14 06:54:39]000970051 - email.pdf, ('NoLanguageFoundError',)
[2024-02-14 06:55:34]20052CN363608 email.pdf, ('NoLanguageFoundError',)
[2024-02-14 06:57:09]000902711 (F30) email.pdf, ('NoLanguageFoundError',)
[2024-02-14 06:58:56]000965029- email.pdf, ('NoLanguageFoundError',)
[2024-02-14 06:59:03]000948246(F30)email.pdf, ('NoLanguageFoundError',)
[2024-02-14 06:59:07]000971243 - email.pdf, ('NoLanguageFoundError',)
[2024-02-14 06:59:25]000977552(P30).pdf, ('cannot save with zero pages',)
[2024-02-14 07:00:28]000968984(P30)email.pdf, ('NoLanguageFoundError',)
[2024-02-14 07:03:58]AER 000973879 .pdf, ('NoLanguageFoundError',)
[2024-02-14 07:10:14]10000283605_email.pdf, ('NoLanguageFoundError',)
[2024-02-14 07:11:02]000967998 - email.pdf, ('NoLanguageFoundError',)
[2024-02-14 07:11:16]000956490 - email.pdf, ('NoLanguageFoundError',)
[2024-02-14 07:12:46]000957984(UR30)email.pdf, ('NoLanguageFoundError',)
[2024-02-14 07:14:11]000964431 MDPR2020-032 Final Portfolio.pdf, ('NoLanguageFoundError',)
[2024-02-14 07:15:45]000955974(2) EMAIL.pdf, ('NoLanguageFoundError',)
[2024-02-14 07:16:09]000962814.pdf, ('NoLanguageFoundError',)
[2024-02-14 07:18:11]000966847 email.pdf, ('NoLanguageFoundError',)
[2024-02-14 07:19:45]000960190 - email.pdf, ('NoLanguageFoundError',)
[2024-02-14 07:20:01]000940136 (F30) email.pdf, ('NoLanguageFoundError',)
[2024-02-14 07:20:05]000948277(2) email.pdf, ('NoLanguageFoundError',)
[2024-02-14 07:20:06]000958553(F30)email.pdf, ('NoLanguageFoundError',)
[2024-02-14 07:21:07]000954067(F30)email.pdf, ('NoLanguageFoundError',)
[2024-02-14 07:24:56]000975579(P+F30).pdf, ('NoLanguageFoundError',)
[2024-02-14 07:25:01]000980460(P30)email.pdf, ('NoLanguageFoundError',)
[2024-02-14 07:29:02]000975915.pdf, ('NoLanguageFoundError',)
[2024-02-14 07:30:48]000958592 - email.pdf, ('NoLanguageFoundError',)
[2024-02-14 07:33:00]000975491(P30).pdf, ('cannot save with zero pages',)
[2024-02-14 07:33:52]000960205 (F30) email.pdf, ('NoLanguageFoundError',)
[2024-02-14 07:34:31]AER 000972135 .pdf, ('NoLanguageFoundError',)
[2024-02-14 07:37:01]000956089(F30)email.pdf, ('NoLanguageFoundError',)
[2024-02-14 07:37:02]000977342.pdf, ('NoLanguageFoundError',)
[2024-02-14 07:38:01]000970364 (F30).pdf, ('NoLanguageFoundError',)
[2024-02-14 07:39:37]000973238 - email.pdf, ('NoLanguageFoundError',)
[2024-02-14 07:39:38]000949936 (F30) email.pdf, ('NoLanguageFoundError',)
[2024-02-14 07:40:08]BD Source of Report email.pdf, ('NoLanguageFoundError',)
[2024-02-14 07:45:42]000966818 (F30) email.pdf, ('NoLanguageFoundError',)
[2024-02-14 07:48:04]000962182 - email.pdf, ('NoLanguageFoundError',)
[2024-02-14 07:49:00]000966456.pdf, ('NoLanguageFoundError',)
[2024-02-14 07:50:35]000966509 (F30) email.pdf, ('NoLanguageFoundError',)
[2024-02-14 07:51:17]000957691 - email.pdf, ('NoLanguageFoundError',)
[2024-02-14 07:54:16]3004365956-2021-00001 - email  (P30).pdf, ('NoLanguageFoundError',)
[2024-02-14 07:55:10]000958638 - email.pdf, ('NoLanguageFoundError',)
[2024-02-14 07:55:14]000962675 (F30) email.pdf, ('NoLanguageFoundError',)
[2024-02-14 07:59:48]000977069(U30).pdf, ('NoLanguageFoundError',)
[2024-02-14 07:59:52]000952191 (F30) email.pdf, ('NoLanguageFoundError',)
[2024-02-14 08:01:05]000967814 (F30) email.pdf, ('NoLanguageFoundError',)
[2024-02-14 08:01:09]000961258 - email.pdf, ('NoLanguageFoundError',)
[2024-02-14 08:01:43]PL-2019-106  0232_001 Investigation Report (U30).pdf, ('NoLanguageFoundError',)
[2024-02-14 08:04:31]000981329(F30)email.pdf, ('NoLanguageFoundError',)
[2024-02-14 08:04:39]000959265(UR30)email.pdf, ('NoLanguageFoundError',)
[2024-02-14 08:05:34]1197918 email.pdf, ('NoLanguageFoundError',)
[2024-02-14 08:08:09]000902713 (F30) email.pdf, ('NoLanguageFoundError',)
[2024-02-14 08:08:12]000966983 - email.pdf, ('NoLanguageFoundError',)
[2024-02-14 08:10:04]MDPR2020-026 202006-165 Final Portfolio.pdf, ('NoLanguageFoundError',)
[2024-02-14 08:10:55]GCR12338563email.pdf, ('NoLanguageFoundError',)
[2024-02-14 08:12:06]AER 000964715 .pdf, ('NoLanguageFoundError',)
[2024-02-14 08:12:18]000972641 (F30) email.pdf, ('NoLanguageFoundError',)
[2024-02-14 08:16:40]000966929 - email.pdf, ('NoLanguageFoundError',)
[2024-02-14 08:16:54]000966956.pdf, ('NoLanguageFoundError',)
[2024-02-14 08:16:54]AER 000974212 .pdf, ('cannot save with zero pages',)
[2024-02-14 08:17:25]000894438 (F30) email.pdf, ('NoLanguageFoundError',)
[2024-02-14 08:18:31]000973350(P30).pdf, ('cannot save with zero pages',)
[2024-02-14 08:18:43]AER 000973840 .pdf, ('NoLanguageFoundError',)
[2024-02-14 08:18:45]000950910(F30).pdf, ('NoLanguageFoundError',)
[2024-02-14 08:23:29]imp 2020-7298-QA-ST_697278_F.pdf, ('NoLanguageFoundError',)
[2024-02-14 08:23:56]000980197 Preliminary MDPR CP-0012684.pdf, ('cannot save with zero pages',)
[2024-02-14 08:24:21]000959676 (U30) email.pdf, ('NoLanguageFoundError',)
[2024-02-14 08:24:57]LOA 312202094.pdf, ('NoLanguageFoundError',)
[2024-02-14 08:26:20]000966461 (F30) email.pdf, ('NoLanguageFoundError',)
[2024-02-14 08:30:41]2020-132763email.pdf, ('NoLanguageFoundError',)
[2024-02-14 08:31:42]AER 000975239 Email.pdf, ('NoLanguageFoundError',)
[2024-02-14 08:33:31]2433342email.pdf, ('NoLanguageFoundError',)
[2024-02-14 08:34:27]000976584- email.pdf, ('NoLanguageFoundError',)
[2024-02-14 08:34:38]000989981 (P30).pdf, ('NoLanguageFoundError',)
[2024-02-14 08:36:37]000964539(F30).pdf, ('NoLanguageFoundError',)
[2024-02-14 08:42:51]AER 000956875 .pdf, ('NoLanguageFoundError',)
[2024-02-14 08:43:52]AER 000976857 -email (P30).pdf, ('NoLanguageFoundError',)
[2024-02-14 08:43:53]000967682 - email.pdf, ('NoLanguageFoundError',)
[2024-02-14 08:48:06]000962013(UR30)email.pdf, ('NoLanguageFoundError',)
[2024-02-14 08:48:54]QN202390990 final email.pdf, ('NoLanguageFoundError',)
[2024-02-14 08:51:17]20201002075836024.pdf, ('NoLanguageFoundError',)
[2024-02-14 08:52:13]CN-051978email.pdf, ('NoLanguageFoundError',)
[2024-02-14 08:52:37]000965400 (F30) email.pdf, ('NoLanguageFoundError',)
[2024-02-14 08:53:30]000959387(F30)email.pdf, ('NoLanguageFoundError',)
[2024-02-14 08:57:12]000960193 (F30).pdf, ('NoLanguageFoundError',)
[2024-02-14 08:58:17]000960754 - email.pdf, ('NoLanguageFoundError',)
[2024-02-14 08:59:24]000972717 - email.pdf, ('NoLanguageFoundError',)
[2024-02-14 09:00:27]000961246 - email.pdf, ('NoLanguageFoundError',)
[2024-02-14 09:01:48]000954124 (F30) email.pdf, ('NoLanguageFoundError',)
[2024-02-14 09:06:11]AER 000972049 .pdf, ('NoLanguageFoundError',)
[2024-02-14 09:06:39]000965410 email.pdf, ('NoLanguageFoundError',)
[2024-02-14 09:07:02]000970059 - email.pdf, ('NoLanguageFoundError',)
[2024-02-14 09:07:39]C730203 email.pdf, ('NoLanguageFoundError',)
[2024-02-14 09:09:12]000969026 - email.pdf, ('NoLanguageFoundError',)
