[2022-09-02 18:14:46]000826446(F30).pdf
[2022-09-02 18:16:29]000829153 MDPR_PE0700979127_PreliminaryUpdate_2020-09-17.pdf
[2022-09-02 18:26:44]000865165 5947-2018-1625.pdf
[2022-09-02 18:28:22]000868167 5947-2018-1531 (002).pdf
[2022-09-02 18:30:12]000868380 5947-2018-00003.pdf
[2022-09-02 18:32:01]000869143 5947-2018-01457.pdf
[2022-09-02 18:33:42]000871086 5947-2018-00015.pdf
[2022-09-02 18:35:23]000877716 5947-2018-00017.pdf
[2022-09-02 18:37:07]000878772 (U30).pdf
[2022-09-02 18:38:43]000879282 5947-2019-00001B.pdf
[2022-09-02 18:40:23]000879886 5947-2018-00020.pdf
[2022-09-02 18:42:05]000880168 5947-2019-00001D.pdf
[2022-09-02 18:43:41]000880902 5947-2018-00021B.pdf
[2022-09-02 18:45:15]000880903  5947-2018-00022.pdf
[2022-09-02 18:46:51]000881016 5947-2019-00001C.pdf
[2022-09-02 18:48:32]000881018 5947-2019-00002.pdf
[2022-09-02 18:50:07]000881137 5947-2019-00001A.pdf
[2022-09-02 18:51:49]000883402 (F30).pdf
[2022-09-02 18:53:25]000886699 5947-2018-00021A.pdf
[2022-09-02 18:55:08]000887405 (U30).pdf
[2022-09-02 18:57:01]000887929.pdf
[2022-09-02 18:58:49]000889414 (U30).pdf
[2022-09-02 19:00:26]000889847 MDR_5947-2019-00009.pdf
[2022-09-02 19:02:12]000890494 702999861 - MDR.pdf
[2022-09-02 19:03:53]000891202 5947-2019-00004.pdf
[2022-09-02 19:07:12]000892977 5947-2018-00023.pdf
[2022-09-02 19:08:52]000893677.pdf
[2022-09-02 19:10:42]000895390 (U30).pdf
[2022-09-02 19:12:33]000896271 (U30).pdf
[2022-09-02 19:15:53]000896389(P+F30).pdf
[2022-09-02 19:21:18]000898430.pdf
[2022-09-02 19:23:17]000898981.pdf
[2022-09-02 19:25:00]000900268 5947-2019-00015.pdf
[2022-09-02 19:26:35]000900394  5947-2019-00016.pdf
[2022-09-02 19:28:26]000900423 (F30).pdf
[2022-09-02 19:30:04]000900423 (U30).pdf
[2022-09-02 19:31:53]000902096 (F30).pdf
[2022-09-02 19:33:29]000902364.pdf
[2022-09-02 19:35:04]000903582 (U30).pdf
[2022-09-02 19:37:09]000906573 5947-2019-00017.pdf
[2022-09-02 19:41:06]000906636 (F30).pdf
[2022-09-02 19:44:32]000909665 5947-2019-00020.pdf
[2022-09-02 19:46:28]000909819 (U30).pdf
[2022-09-02 19:48:14]000909858 (F30) - already entered.pdf
[2022-09-02 19:50:11]000910260(F30).pdf
[2022-09-02 19:51:49]000911714 (F30).pdf
[2022-09-02 19:53:54]000913508 (U30).pdf
[2022-09-02 19:55:27]000913575 (U30).pdf
[2022-09-02 19:57:15]000914416 5947-2019-00018.pdf
[2022-09-02 19:58:59]000914430 5947-2019-00019.pdf
[2022-09-02 20:02:03]000916786.pdf
[2022-09-02 20:03:54]000917277(F30).pdf
[2022-09-02 20:07:21]000918715(3).pdf
[2022-09-02 20:08:25]000920340.pdf
[2022-09-02 20:10:04]000920470(F30).pdf
[2022-09-02 20:12:16]000921597F.pdf
[2022-09-02 20:13:56]000921597U.pdf
[2022-09-02 20:15:58]000921662 (F30).pdf
[2022-09-02 20:17:45]000922042 (U30).pdf
[2022-09-02 20:19:25]000922173 (F30).pdf
[2022-09-02 20:20:53]000922484 (U30-2).pdf
[2022-09-02 20:22:12]000922484 (U30-3).pdf
[2022-09-02 20:23:32]000922652(F30).pdf
[2022-09-02 20:25:10]000922866.pdf
[2022-09-02 20:28:56]000923389 18849193 Second Final signed Canada.pdf
[2022-09-02 20:31:54]000923475(UR30).pdf
[2022-09-02 20:33:41]000923537.pdf
[2022-09-02 20:38:27]000923724 (F30) .pdf
[2022-09-02 20:42:56]000923748 (F30).pdf
[2022-09-02 20:44:32]000924370.pdf
[2022-09-02 20:48:38]000924874 CN-042539 Final Canada Vig Report.pdf
[2022-09-02 20:50:31]000925000 (F30).pdf
[2022-09-02 20:54:35]000925086 CN-042568 Final Canada Vig Report.pdf
[2022-09-02 21:10:36]000925554(F30).pdf
[2022-09-02 21:13:03]000926038.pdf
[2022-09-02 21:14:36]000926075 (F30).pdf
[2022-09-02 21:16:29]000926086.pdf
[2022-09-02 21:18:20]000926120.pdf
[2022-09-02 21:21:58]000927879  703480892 - MDR.pdf
[2022-09-02 21:25:29]000928705(F30).pdf
[2022-09-02 21:27:06]000928888 (U30).pdf
[2022-09-02 21:28:39]000929187 (F30).pdf
[2022-09-02 21:30:08]000929393.pdf
[2022-09-02 21:31:43]000929413 (F30).pdf
[2022-09-02 21:35:22]000929445.pdf
[2022-09-02 21:37:01]000929486 (U30).pdf
[2022-09-02 21:38:30]000929543 (F30).pdf
[2022-09-02 21:40:03]000929804(UR30).pdf
