[2022-09-06 18:18:28]000833157(UR30).pdf
[2022-09-06 18:21:22]000892427.pdf
[2022-09-06 18:49:55]000941751 (F30).pdf
[2022-09-06 18:54:24]000945806 (F30).pdf
[2022-09-06 18:54:59]000945861 (F30).pdf
[2022-09-06 18:59:17]000946864 (F30).pdf
[2022-09-06 19:03:22]000947765.pdf
[2022-09-06 19:06:21]000948214(F30).pdf
[2022-09-06 19:15:16]000951604 (F30).pdf
[2022-09-06 19:16:33]000951707(F30).pdf
[2022-09-06 19:17:11]000951713 (F30).pdf
[2022-09-06 19:21:32]000952668 (F30).pdf
[2022-09-06 19:22:12]000952712 (F30).pdf
[2022-09-06 19:28:40]000953334 CA-CN-033509 Final Report.pdf
[2022-09-06 19:30:26]000953519 (F30).pdf
[2022-09-06 19:31:07]000953523 (F30).pdf
[2022-09-06 19:32:58]000953547 (F30).pdf
[2022-09-06 19:33:31]000953590.pdf
[2022-09-06 19:36:05]000953745 (F30).pdf
[2022-09-06 19:36:42]000953745 (U30).pdf
[2022-09-06 19:38:45]000953911 PR-2487965-2490833_Final MDPR.pdf
[2022-09-06 19:43:58]000953993 (F30).pdf
[2022-09-06 19:44:32]0009540047.pdf
